c:\users\yarudu\documents\project\openvino_ai\openvino_ai\x64\release\vc141.pdb
c:\users\yarudu\documents\project\openvino_ai\openvino_ai\x64\release\text_recognition.obj
c:\users\yarudu\documents\project\openvino_ai\openvino_ai\x64\release\text_detection.obj
c:\users\yarudu\documents\project\openvino_ai\openvino_ai\x64\release\image_grabber.obj
c:\users\yarudu\documents\project\openvino_ai\openvino_ai\x64\release\cnn.obj
c:\users\yarudu\documents\project\openvino_ai\openvino_ai\x64\release\main.obj
c:\users\yarudu\documents\project\openvino_ai\x64\release\ocr.exe
c:\users\yarudu\documents\project\openvino_ai\x64\release\ocr.pdb
c:\users\yarudu\documents\project\openvino_ai\x64\release\ocr.ipdb
c:\users\yarudu\documents\project\openvino_ai\x64\release\ocr.iobj
c:\users\yarudu\documents\project\openvino_ai\ocr\x64\release\cnn.obj
c:\users\yarudu\documents\project\openvino_ai\ocr\x64\release\image_grabber.obj
c:\users\yarudu\documents\project\openvino_ai\ocr\x64\release\main.obj
c:\users\yarudu\documents\project\openvino_ai\ocr\x64\release\text_detection.obj
c:\users\yarudu\documents\project\openvino_ai\ocr\x64\release\text_recognition.obj
c:\users\yarudu\documents\project\openvino_ai\ocr\x64\release\vc141.pdb
c:\users\yarudu\documents\project\openvino_ai\ocr\x64\release\ocr.tlog\cl.command.1.tlog
c:\users\yarudu\documents\project\openvino_ai\ocr\x64\release\ocr.tlog\cl.read.1.tlog
c:\users\yarudu\documents\project\openvino_ai\ocr\x64\release\ocr.tlog\cl.write.1.tlog
c:\users\yarudu\documents\project\openvino_ai\ocr\x64\release\ocr.tlog\link.command.1.tlog
c:\users\yarudu\documents\project\openvino_ai\ocr\x64\release\ocr.tlog\link.read.1.tlog
c:\users\yarudu\documents\project\openvino_ai\ocr\x64\release\ocr.tlog\link.write.1.tlog
c:\users\yarudu\documents\project\openvino_ai\ocr\x64\release\ocr.tlog\ocr.write.1u.tlog
