  main.cpp
c:\users\yarudu\documents\project\openvino_ai\inference_engine\include\ie_layouts.h(127): warning C4251: 'InferenceEngine::BlockingDesc::blockedDims': class 'std::vector<size_t,std::allocator<_Ty>>' needs to have dll-interface to be used by clients of class 'InferenceEngine::BlockingDesc'
          with
          [
              _Ty=size_t
          ]
  c:\program files (x86)\intelswtools\openvino\opencv\include\opencv2\core\mat.hpp(2685): note: see declaration of 'std::vector<size_t,std::allocator<_Ty>>'
          with
          [
              _Ty=size_t
          ]
c:\users\yarudu\documents\project\openvino_ai\inference_engine\include\ie_layouts.h(129): warning C4251: 'InferenceEngine::BlockingDesc::strides': class 'std::vector<size_t,std::allocator<_Ty>>' needs to have dll-interface to be used by clients of class 'InferenceEngine::BlockingDesc'
          with
          [
              _Ty=size_t
          ]
  c:\program files (x86)\intelswtools\openvino\opencv\include\opencv2\core\mat.hpp(2685): note: see declaration of 'std::vector<size_t,std::allocator<_Ty>>'
          with
          [
              _Ty=size_t
          ]
c:\users\yarudu\documents\project\openvino_ai\inference_engine\include\ie_layouts.h(131): warning C4251: 'InferenceEngine::BlockingDesc::order': class 'std::vector<size_t,std::allocator<_Ty>>' needs to have dll-interface to be used by clients of class 'InferenceEngine::BlockingDesc'
          with
          [
              _Ty=size_t
          ]
  c:\program files (x86)\intelswtools\openvino\opencv\include\opencv2\core\mat.hpp(2685): note: see declaration of 'std::vector<size_t,std::allocator<_Ty>>'
          with
          [
              _Ty=size_t
          ]
c:\users\yarudu\documents\project\openvino_ai\inference_engine\include\ie_layouts.h(134): warning C4251: 'InferenceEngine::BlockingDesc::offsetPaddingToData': class 'std::vector<size_t,std::allocator<_Ty>>' needs to have dll-interface to be used by clients of class 'InferenceEngine::BlockingDesc'
          with
          [
              _Ty=size_t
          ]
  c:\program files (x86)\intelswtools\openvino\opencv\include\opencv2\core\mat.hpp(2685): note: see declaration of 'std::vector<size_t,std::allocator<_Ty>>'
          with
          [
              _Ty=size_t
          ]
c:\users\yarudu\documents\project\openvino_ai\inference_engine\include\ie_layouts.h(321): warning C4251: 'InferenceEngine::TensorDesc::dims': class 'std::vector<size_t,std::allocator<_Ty>>' needs to have dll-interface to be used by clients of class 'InferenceEngine::TensorDesc'
          with
          [
              _Ty=size_t
          ]
  c:\program files (x86)\intelswtools\openvino\opencv\include\opencv2\core\mat.hpp(2685): note: see declaration of 'std::vector<size_t,std::allocator<_Ty>>'
          with
          [
              _Ty=size_t
          ]
c:\users\yarudu\documents\project\openvino_ai\inference_engine\include\ie_layouts.h(325): warning C4251: 'InferenceEngine::TensorDesc::precision': class 'InferenceEngine::Precision' needs to have dll-interface to be used by clients of class 'InferenceEngine::TensorDesc'
  c:\users\yarudu\documents\project\openvino_ai\inference_engine\include\ie_precision.hpp(19): note: see declaration of 'InferenceEngine::Precision'
c:\users\yarudu\documents\project\openvino_ai\inference_engine\include\ie_layouts.h(363): warning C4251: 'InferenceEngine::LayoutOffsetCounter::_dims': class 'std::vector<size_t,std::allocator<_Ty>>' needs to have dll-interface to be used by clients of class 'InferenceEngine::LayoutOffsetCounter'
          with
          [
              _Ty=size_t
          ]
  c:\program files (x86)\intelswtools\openvino\opencv\include\opencv2\core\mat.hpp(2685): note: see declaration of 'std::vector<size_t,std::allocator<_Ty>>'
          with
          [
              _Ty=size_t
          ]
c:\users\yarudu\documents\project\openvino_ai\inference_engine\include\ie_layouts.h(371): warning C4251: 'InferenceEngine::LayoutOffsetCounter::_muls': class 'std::vector<size_t,std::allocator<_Ty>>' needs to have dll-interface to be used by clients of class 'InferenceEngine::LayoutOffsetCounter'
          with
          [
              _Ty=size_t
          ]
  c:\program files (x86)\intelswtools\openvino\opencv\include\opencv2\core\mat.hpp(2685): note: see declaration of 'std::vector<size_t,std::allocator<_Ty>>'
          with
          [
              _Ty=size_t
          ]
c:\users\yarudu\documents\project\openvino_ai\inference_engine\include\ie_data.h(34): warning C4251: 'InferenceEngine::Data::precision': class 'InferenceEngine::Precision' needs to have dll-interface to be used by clients of class 'InferenceEngine::Data'
  c:\users\yarudu\documents\project\openvino_ai\inference_engine\include\ie_precision.hpp(19): note: see declaration of 'InferenceEngine::Precision'
c:\users\yarudu\documents\project\openvino_ai\inference_engine\include\ie_data.h(46): warning C4251: 'InferenceEngine::Data::dims': class 'std::vector<size_t,std::allocator<_Ty>>' needs to have dll-interface to be used by clients of class 'InferenceEngine::Data'
          with
          [
              _Ty=size_t
          ]
  c:\program files (x86)\intelswtools\openvino\opencv\include\opencv2\core\mat.hpp(2685): note: see declaration of 'std::vector<size_t,std::allocator<_Ty>>'
          with
          [
              _Ty=size_t
          ]
c:\users\yarudu\documents\project\openvino_ai\inference_engine\include\ie_data.h(52): warning C4251: 'InferenceEngine::Data::creatorLayer': class 'std::weak_ptr<InferenceEngine::CNNLayer>' needs to have dll-interface to be used by clients of class 'InferenceEngine::Data'
  c:\users\yarudu\documents\project\openvino_ai\inference_engine\include\ie_common.h(40): note: see declaration of 'std::weak_ptr<InferenceEngine::CNNLayer>'
c:\users\yarudu\documents\project\openvino_ai\inference_engine\include\ie_data.h(58): warning C4251: 'InferenceEngine::Data::name': class 'std::basic_string<char,std::char_traits<char>,std::allocator<char>>' needs to have dll-interface to be used by clients of class 'InferenceEngine::Data'
  c:\program files (x86)\microsoft visual studio\2017\community\vc\tools\msvc\14.16.27023\include\xstring(4373): note: see declaration of 'std::basic_string<char,std::char_traits<char>,std::allocator<char>>'
c:\users\yarudu\documents\project\openvino_ai\inference_engine\include\ie_data.h(65): warning C4251: 'InferenceEngine::Data::inputTo': class 'std::map<std::string,InferenceEngine::CNNLayerPtr,std::less<_Kty>,std::allocator<std::pair<const _Kty,_Ty>>>' needs to have dll-interface to be used by clients of class 'InferenceEngine::Data'
          with
          [
              _Kty=cv::String,
              _Ty=InferenceEngine::CNNLayerPtr
          ]
  c:\users\yarudu\documents\project\openvino_ai\inference_engine\include\ie_data.h(65): note: see declaration of 'std::map<std::string,InferenceEngine::CNNLayerPtr,std::less<_Kty>,std::allocator<std::pair<const _Kty,_Ty>>>'
          with
          [
              _Kty=cv::String,
              _Ty=InferenceEngine::CNNLayerPtr
          ]
c:\users\yarudu\documents\project\openvino_ai\inference_engine\include\ie_plugin.hpp(56): warning C4251: 'InferenceEngine::QueryNetworkResult::supportedLayers': class 'std::set<std::string,std::less<_Kty>,std::allocator<_Ty>>' needs to have dll-interface to be used by clients of struct 'InferenceEngine::QueryNetworkResult'
          with
          [
              _Kty=cv::String,
              _Ty=std::string
          ]
  c:\users\yarudu\documents\project\openvino_ai\inference_engine\include\ie_plugin.hpp(56): note: see declaration of 'std::set<std::string,std::less<_Kty>,std::allocator<_Ty>>'
          with
          [
              _Kty=cv::String,
              _Ty=std::string
          ]
c:\users\yarudu\documents\project\openvino_ai\inference_engine\include\ie_plugin.hpp(63): warning C4251: 'InferenceEngine::QueryNetworkResult::supportedLayersMap': class 'std::map<std::string,std::string,std::less<_Kty>,std::allocator<std::pair<const _Kty,_Ty>>>' needs to have dll-interface to be used by clients of struct 'InferenceEngine::QueryNetworkResult'
          with
          [
              _Kty=cv::String,
              _Ty=std::string
          ]
  c:\users\yarudu\documents\project\openvino_ai\inference_engine\include\ie_layers.h(517): note: see declaration of 'std::map<std::string,std::string,std::less<_Kty>,std::allocator<std::pair<const _Kty,_Ty>>>'
          with
          [
              _Kty=cv::String,
              _Ty=std::string
          ]
c:\users\yarudu\documents\project\openvino_ai\inference_engine\include\ie_ihetero_plugin.hpp(126): warning C4275: non dll-interface class 'InferenceEngine::IInferencePlugin' used as base for dll-interface class 'InferenceEngine::IHeteroInferencePlugin'
  c:\users\yarudu\documents\project\openvino_ai\inference_engine\include\ie_plugin.hpp(109): note: see declaration of 'InferenceEngine::IInferencePlugin'
  c:\users\yarudu\documents\project\openvino_ai\inference_engine\include\ie_ihetero_plugin.hpp(126): note: see declaration of 'InferenceEngine::IHeteroInferencePlugin'
c:\users\yarudu\documents\project\openvino_ai\inference_engine\include\ie_plugin_dispatcher.hpp(64): warning C4251: 'InferenceEngine::PluginDispatcher::pluginDirs': class 'std::vector<std::string,std::allocator<_Ty>>' needs to have dll-interface to be used by clients of class 'InferenceEngine::PluginDispatcher'
          with
          [
              _Ty=std::string
          ]
  c:\users\yarudu\documents\project\openvino_ai\gflags\gflags.h(188): note: see declaration of 'std::vector<std::string,std::allocator<_Ty>>'
          with
          [
              _Ty=std::string
          ]
c:\users\yarudu\documents\project\openvino_ai\inference_engine\include\ie_core.hpp(27): warning C4251: 'InferenceEngine::Core::_impl': class 'std::shared_ptr<InferenceEngine::Core::Impl>' needs to have dll-interface to be used by clients of class 'InferenceEngine::Core'
  c:\users\yarudu\documents\project\openvino_ai\inference_engine\include\ie_core.hpp(27): note: see declaration of 'std::shared_ptr<InferenceEngine::Core::Impl>'
c:\users\yarudu\documents\project\openvino_ai\external\common\samples\common.hpp(451): warning C4267: '=': conversion from 'size_t' to 'int', possible loss of data
c:\users\yarudu\documents\project\openvino_ai\external\common\samples\common.hpp(452): warning C4267: '=': conversion from 'size_t' to 'int', possible loss of data
c:\users\yarudu\documents\project\openvino_ai\external\common\samples\common.hpp(454): warning C4267: '=': conversion from 'size_t' to 'int', possible loss of data
c:\users\yarudu\documents\project\openvino_ai\external\common\samples\common.hpp(455): warning C4267: '=': conversion from 'size_t' to 'int', possible loss of data
c:\users\yarudu\documents\project\openvino_ai\external\common\samples\common.hpp(923): warning C4267: 'initializing': conversion from 'size_t' to 'int', possible loss of data
  cnn.cpp
c:\users\yarudu\documents\project\openvino_ai\inference_engine\include\ie_layouts.h(127): warning C4251: 'InferenceEngine::BlockingDesc::blockedDims': class 'std::vector<size_t,std::allocator<_Ty>>' needs to have dll-interface to be used by clients of class 'InferenceEngine::BlockingDesc'
          with
          [
              _Ty=size_t
          ]
  c:\users\yarudu\documents\project\openvino_ai\inference_engine\include\ie_common.h(26): note: see declaration of 'std::vector<size_t,std::allocator<_Ty>>'
          with
          [
              _Ty=size_t
          ]
c:\users\yarudu\documents\project\openvino_ai\inference_engine\include\ie_layouts.h(129): warning C4251: 'InferenceEngine::BlockingDesc::strides': class 'std::vector<size_t,std::allocator<_Ty>>' needs to have dll-interface to be used by clients of class 'InferenceEngine::BlockingDesc'
          with
          [
              _Ty=size_t
          ]
  c:\users\yarudu\documents\project\openvino_ai\inference_engine\include\ie_common.h(26): note: see declaration of 'std::vector<size_t,std::allocator<_Ty>>'
          with
          [
              _Ty=size_t
          ]
c:\users\yarudu\documents\project\openvino_ai\inference_engine\include\ie_layouts.h(131): warning C4251: 'InferenceEngine::BlockingDesc::order': class 'std::vector<size_t,std::allocator<_Ty>>' needs to have dll-interface to be used by clients of class 'InferenceEngine::BlockingDesc'
          with
          [
              _Ty=size_t
          ]
  c:\users\yarudu\documents\project\openvino_ai\inference_engine\include\ie_common.h(26): note: see declaration of 'std::vector<size_t,std::allocator<_Ty>>'
          with
          [
              _Ty=size_t
          ]
c:\users\yarudu\documents\project\openvino_ai\inference_engine\include\ie_layouts.h(134): warning C4251: 'InferenceEngine::BlockingDesc::offsetPaddingToData': class 'std::vector<size_t,std::allocator<_Ty>>' needs to have dll-interface to be used by clients of class 'InferenceEngine::BlockingDesc'
          with
          [
              _Ty=size_t
          ]
  c:\users\yarudu\documents\project\openvino_ai\inference_engine\include\ie_common.h(26): note: see declaration of 'std::vector<size_t,std::allocator<_Ty>>'
          with
          [
              _Ty=size_t
          ]
c:\users\yarudu\documents\project\openvino_ai\inference_engine\include\ie_layouts.h(321): warning C4251: 'InferenceEngine::TensorDesc::dims': class 'std::vector<size_t,std::allocator<_Ty>>' needs to have dll-interface to be used by clients of class 'InferenceEngine::TensorDesc'
          with
          [
              _Ty=size_t
          ]
  c:\users\yarudu\documents\project\openvino_ai\inference_engine\include\ie_common.h(26): note: see declaration of 'std::vector<size_t,std::allocator<_Ty>>'
          with
          [
              _Ty=size_t
          ]
c:\users\yarudu\documents\project\openvino_ai\inference_engine\include\ie_layouts.h(325): warning C4251: 'InferenceEngine::TensorDesc::precision': class 'InferenceEngine::Precision' needs to have dll-interface to be used by clients of class 'InferenceEngine::TensorDesc'
  c:\users\yarudu\documents\project\openvino_ai\inference_engine\include\ie_precision.hpp(19): note: see declaration of 'InferenceEngine::Precision'
c:\users\yarudu\documents\project\openvino_ai\inference_engine\include\ie_layouts.h(363): warning C4251: 'InferenceEngine::LayoutOffsetCounter::_dims': class 'std::vector<size_t,std::allocator<_Ty>>' needs to have dll-interface to be used by clients of class 'InferenceEngine::LayoutOffsetCounter'
          with
          [
              _Ty=size_t
          ]
  c:\users\yarudu\documents\project\openvino_ai\inference_engine\include\ie_common.h(26): note: see declaration of 'std::vector<size_t,std::allocator<_Ty>>'
          with
          [
              _Ty=size_t
          ]
c:\users\yarudu\documents\project\openvino_ai\inference_engine\include\ie_layouts.h(371): warning C4251: 'InferenceEngine::LayoutOffsetCounter::_muls': class 'std::vector<size_t,std::allocator<_Ty>>' needs to have dll-interface to be used by clients of class 'InferenceEngine::LayoutOffsetCounter'
          with
          [
              _Ty=size_t
          ]
  c:\users\yarudu\documents\project\openvino_ai\inference_engine\include\ie_common.h(26): note: see declaration of 'std::vector<size_t,std::allocator<_Ty>>'
          with
          [
              _Ty=size_t
          ]
c:\users\yarudu\documents\project\openvino_ai\inference_engine\include\ie_data.h(34): warning C4251: 'InferenceEngine::Data::precision': class 'InferenceEngine::Precision' needs to have dll-interface to be used by clients of class 'InferenceEngine::Data'
  c:\users\yarudu\documents\project\openvino_ai\inference_engine\include\ie_precision.hpp(19): note: see declaration of 'InferenceEngine::Precision'
c:\users\yarudu\documents\project\openvino_ai\inference_engine\include\ie_data.h(46): warning C4251: 'InferenceEngine::Data::dims': class 'std::vector<size_t,std::allocator<_Ty>>' needs to have dll-interface to be used by clients of class 'InferenceEngine::Data'
          with
          [
              _Ty=size_t
          ]
  c:\users\yarudu\documents\project\openvino_ai\inference_engine\include\ie_common.h(26): note: see declaration of 'std::vector<size_t,std::allocator<_Ty>>'
          with
          [
              _Ty=size_t
          ]
c:\users\yarudu\documents\project\openvino_ai\inference_engine\include\ie_data.h(52): warning C4251: 'InferenceEngine::Data::creatorLayer': class 'std::weak_ptr<InferenceEngine::CNNLayer>' needs to have dll-interface to be used by clients of class 'InferenceEngine::Data'
  c:\users\yarudu\documents\project\openvino_ai\inference_engine\include\ie_common.h(40): note: see declaration of 'std::weak_ptr<InferenceEngine::CNNLayer>'
c:\users\yarudu\documents\project\openvino_ai\inference_engine\include\ie_data.h(58): warning C4251: 'InferenceEngine::Data::name': class 'std::basic_string<char,std::char_traits<char>,std::allocator<char>>' needs to have dll-interface to be used by clients of class 'InferenceEngine::Data'
  c:\program files (x86)\microsoft visual studio\2017\community\vc\tools\msvc\14.16.27023\include\xstring(4373): note: see declaration of 'std::basic_string<char,std::char_traits<char>,std::allocator<char>>'
c:\users\yarudu\documents\project\openvino_ai\inference_engine\include\ie_data.h(65): warning C4251: 'InferenceEngine::Data::inputTo': class 'std::map<std::string,InferenceEngine::CNNLayerPtr,std::less<_Kty>,std::allocator<std::pair<const _Kty,_Ty>>>' needs to have dll-interface to be used by clients of class 'InferenceEngine::Data'
          with
          [
              _Kty=std::string,
              _Ty=InferenceEngine::CNNLayerPtr
          ]
  c:\users\yarudu\documents\project\openvino_ai\inference_engine\include\ie_data.h(65): note: see declaration of 'std::map<std::string,InferenceEngine::CNNLayerPtr,std::less<_Kty>,std::allocator<std::pair<const _Kty,_Ty>>>'
          with
          [
              _Kty=std::string,
              _Ty=InferenceEngine::CNNLayerPtr
          ]
c:\users\yarudu\documents\project\openvino_ai\inference_engine\include\ie_plugin.hpp(56): warning C4251: 'InferenceEngine::QueryNetworkResult::supportedLayers': class 'std::set<std::string,std::less<_Kty>,std::allocator<_Ty>>' needs to have dll-interface to be used by clients of struct 'InferenceEngine::QueryNetworkResult'
          with
          [
              _Kty=std::string,
              _Ty=std::string
          ]
  c:\users\yarudu\documents\project\openvino_ai\inference_engine\include\ie_plugin.hpp(56): note: see declaration of 'std::set<std::string,std::less<_Kty>,std::allocator<_Ty>>'
          with
          [
              _Kty=std::string,
              _Ty=std::string
          ]
c:\users\yarudu\documents\project\openvino_ai\inference_engine\include\ie_plugin.hpp(63): warning C4251: 'InferenceEngine::QueryNetworkResult::supportedLayersMap': class 'std::map<std::string,std::string,std::less<_Kty>,std::allocator<std::pair<const _Kty,_Ty>>>' needs to have dll-interface to be used by clients of struct 'InferenceEngine::QueryNetworkResult'
          with
          [
              _Kty=std::string,
              _Ty=std::string
          ]
  c:\users\yarudu\documents\project\openvino_ai\inference_engine\include\ie_layers.h(517): note: see declaration of 'std::map<std::string,std::string,std::less<_Kty>,std::allocator<std::pair<const _Kty,_Ty>>>'
          with
          [
              _Kty=std::string,
              _Ty=std::string
          ]
c:\users\yarudu\documents\project\openvino_ai\inference_engine\include\ie_ihetero_plugin.hpp(126): warning C4275: non dll-interface class 'InferenceEngine::IInferencePlugin' used as base for dll-interface class 'InferenceEngine::IHeteroInferencePlugin'
  c:\users\yarudu\documents\project\openvino_ai\inference_engine\include\ie_plugin.hpp(109): note: see declaration of 'InferenceEngine::IInferencePlugin'
  c:\users\yarudu\documents\project\openvino_ai\inference_engine\include\ie_ihetero_plugin.hpp(126): note: see declaration of 'InferenceEngine::IHeteroInferencePlugin'
c:\users\yarudu\documents\project\openvino_ai\inference_engine\include\ie_plugin_dispatcher.hpp(64): warning C4251: 'InferenceEngine::PluginDispatcher::pluginDirs': class 'std::vector<std::string,std::allocator<_Ty>>' needs to have dll-interface to be used by clients of class 'InferenceEngine::PluginDispatcher'
          with
          [
              _Ty=std::string
          ]
  c:\users\yarudu\documents\project\openvino_ai\inference_engine\include\ie_device.hpp(145): note: see declaration of 'std::vector<std::string,std::allocator<_Ty>>'
          with
          [
              _Ty=std::string
          ]
c:\users\yarudu\documents\project\openvino_ai\inference_engine\include\ie_core.hpp(27): warning C4251: 'InferenceEngine::Core::_impl': class 'std::shared_ptr<InferenceEngine::Core::Impl>' needs to have dll-interface to be used by clients of class 'InferenceEngine::Core'
  c:\users\yarudu\documents\project\openvino_ai\inference_engine\include\ie_core.hpp(27): note: see declaration of 'std::shared_ptr<InferenceEngine::Core::Impl>'
c:\users\yarudu\documents\project\openvino_ai\external\common\samples\common.hpp(451): warning C4267: '=': conversion from 'size_t' to 'int', possible loss of data
c:\users\yarudu\documents\project\openvino_ai\external\common\samples\common.hpp(452): warning C4267: '=': conversion from 'size_t' to 'int', possible loss of data
c:\users\yarudu\documents\project\openvino_ai\external\common\samples\common.hpp(454): warning C4267: '=': conversion from 'size_t' to 'int', possible loss of data
c:\users\yarudu\documents\project\openvino_ai\external\common\samples\common.hpp(455): warning C4267: '=': conversion from 'size_t' to 'int', possible loss of data
c:\users\yarudu\documents\project\openvino_ai\external\common\samples\common.hpp(923): warning C4267: 'initializing': conversion from 'size_t' to 'int', possible loss of data
c:\users\yarudu\documents\project\openvino_ai\openvino_ai\src\cnn.cpp(54): warning C4267: '=': conversion from 'size_t' to 'int', possible loss of data
c:\users\yarudu\documents\project\openvino_ai\openvino_ai\src\cnn.cpp(55): warning C4267: 'argument': conversion from 'size_t' to '_Tp', possible loss of data
          with
          [
              _Tp=int
          ]
  image_grabber.cpp
  text_detection.cpp
c:\users\yarudu\documents\project\openvino_ai\inference_engine\include\ie_layouts.h(127): warning C4251: 'InferenceEngine::BlockingDesc::blockedDims': class 'std::vector<size_t,std::allocator<_Ty>>' needs to have dll-interface to be used by clients of class 'InferenceEngine::BlockingDesc'
          with
          [
              _Ty=size_t
          ]
  c:\users\yarudu\documents\project\openvino_ai\inference_engine\include\ie_common.h(26): note: see declaration of 'std::vector<size_t,std::allocator<_Ty>>'
          with
          [
              _Ty=size_t
          ]
c:\users\yarudu\documents\project\openvino_ai\inference_engine\include\ie_layouts.h(129): warning C4251: 'InferenceEngine::BlockingDesc::strides': class 'std::vector<size_t,std::allocator<_Ty>>' needs to have dll-interface to be used by clients of class 'InferenceEngine::BlockingDesc'
          with
          [
              _Ty=size_t
          ]
  c:\users\yarudu\documents\project\openvino_ai\inference_engine\include\ie_common.h(26): note: see declaration of 'std::vector<size_t,std::allocator<_Ty>>'
          with
          [
              _Ty=size_t
          ]
c:\users\yarudu\documents\project\openvino_ai\inference_engine\include\ie_layouts.h(131): warning C4251: 'InferenceEngine::BlockingDesc::order': class 'std::vector<size_t,std::allocator<_Ty>>' needs to have dll-interface to be used by clients of class 'InferenceEngine::BlockingDesc'
          with
          [
              _Ty=size_t
          ]
  c:\users\yarudu\documents\project\openvino_ai\inference_engine\include\ie_common.h(26): note: see declaration of 'std::vector<size_t,std::allocator<_Ty>>'
          with
          [
              _Ty=size_t
          ]
c:\users\yarudu\documents\project\openvino_ai\inference_engine\include\ie_layouts.h(134): warning C4251: 'InferenceEngine::BlockingDesc::offsetPaddingToData': class 'std::vector<size_t,std::allocator<_Ty>>' needs to have dll-interface to be used by clients of class 'InferenceEngine::BlockingDesc'
          with
          [
              _Ty=size_t
          ]
  c:\users\yarudu\documents\project\openvino_ai\inference_engine\include\ie_common.h(26): note: see declaration of 'std::vector<size_t,std::allocator<_Ty>>'
          with
          [
              _Ty=size_t
          ]
c:\users\yarudu\documents\project\openvino_ai\inference_engine\include\ie_layouts.h(321): warning C4251: 'InferenceEngine::TensorDesc::dims': class 'std::vector<size_t,std::allocator<_Ty>>' needs to have dll-interface to be used by clients of class 'InferenceEngine::TensorDesc'
          with
          [
              _Ty=size_t
          ]
  c:\users\yarudu\documents\project\openvino_ai\inference_engine\include\ie_common.h(26): note: see declaration of 'std::vector<size_t,std::allocator<_Ty>>'
          with
          [
              _Ty=size_t
          ]
c:\users\yarudu\documents\project\openvino_ai\inference_engine\include\ie_layouts.h(325): warning C4251: 'InferenceEngine::TensorDesc::precision': class 'InferenceEngine::Precision' needs to have dll-interface to be used by clients of class 'InferenceEngine::TensorDesc'
  c:\users\yarudu\documents\project\openvino_ai\inference_engine\include\ie_precision.hpp(19): note: see declaration of 'InferenceEngine::Precision'
c:\users\yarudu\documents\project\openvino_ai\inference_engine\include\ie_layouts.h(363): warning C4251: 'InferenceEngine::LayoutOffsetCounter::_dims': class 'std::vector<size_t,std::allocator<_Ty>>' needs to have dll-interface to be used by clients of class 'InferenceEngine::LayoutOffsetCounter'
          with
          [
              _Ty=size_t
          ]
  c:\users\yarudu\documents\project\openvino_ai\inference_engine\include\ie_common.h(26): note: see declaration of 'std::vector<size_t,std::allocator<_Ty>>'
          with
          [
              _Ty=size_t
          ]
c:\users\yarudu\documents\project\openvino_ai\inference_engine\include\ie_layouts.h(371): warning C4251: 'InferenceEngine::LayoutOffsetCounter::_muls': class 'std::vector<size_t,std::allocator<_Ty>>' needs to have dll-interface to be used by clients of class 'InferenceEngine::LayoutOffsetCounter'
          with
          [
              _Ty=size_t
          ]
  c:\users\yarudu\documents\project\openvino_ai\inference_engine\include\ie_common.h(26): note: see declaration of 'std::vector<size_t,std::allocator<_Ty>>'
          with
          [
              _Ty=size_t
          ]
c:\users\yarudu\documents\project\openvino_ai\inference_engine\include\ie_data.h(34): warning C4251: 'InferenceEngine::Data::precision': class 'InferenceEngine::Precision' needs to have dll-interface to be used by clients of class 'InferenceEngine::Data'
  c:\users\yarudu\documents\project\openvino_ai\inference_engine\include\ie_precision.hpp(19): note: see declaration of 'InferenceEngine::Precision'
c:\users\yarudu\documents\project\openvino_ai\inference_engine\include\ie_data.h(46): warning C4251: 'InferenceEngine::Data::dims': class 'std::vector<size_t,std::allocator<_Ty>>' needs to have dll-interface to be used by clients of class 'InferenceEngine::Data'
          with
          [
              _Ty=size_t
          ]
  c:\users\yarudu\documents\project\openvino_ai\inference_engine\include\ie_common.h(26): note: see declaration of 'std::vector<size_t,std::allocator<_Ty>>'
          with
          [
              _Ty=size_t
          ]
c:\users\yarudu\documents\project\openvino_ai\inference_engine\include\ie_data.h(52): warning C4251: 'InferenceEngine::Data::creatorLayer': class 'std::weak_ptr<InferenceEngine::CNNLayer>' needs to have dll-interface to be used by clients of class 'InferenceEngine::Data'
  c:\users\yarudu\documents\project\openvino_ai\inference_engine\include\ie_common.h(40): note: see declaration of 'std::weak_ptr<InferenceEngine::CNNLayer>'
c:\users\yarudu\documents\project\openvino_ai\inference_engine\include\ie_data.h(58): warning C4251: 'InferenceEngine::Data::name': class 'std::basic_string<char,std::char_traits<char>,std::allocator<char>>' needs to have dll-interface to be used by clients of class 'InferenceEngine::Data'
  c:\program files (x86)\microsoft visual studio\2017\community\vc\tools\msvc\14.16.27023\include\xstring(4373): note: see declaration of 'std::basic_string<char,std::char_traits<char>,std::allocator<char>>'
c:\users\yarudu\documents\project\openvino_ai\inference_engine\include\ie_data.h(65): warning C4251: 'InferenceEngine::Data::inputTo': class 'std::map<std::string,InferenceEngine::CNNLayerPtr,std::less<_Kty>,std::allocator<std::pair<const _Kty,_Ty>>>' needs to have dll-interface to be used by clients of class 'InferenceEngine::Data'
          with
          [
              _Kty=std::string,
              _Ty=InferenceEngine::CNNLayerPtr
          ]
  c:\users\yarudu\documents\project\openvino_ai\inference_engine\include\ie_data.h(65): note: see declaration of 'std::map<std::string,InferenceEngine::CNNLayerPtr,std::less<_Kty>,std::allocator<std::pair<const _Kty,_Ty>>>'
          with
          [
              _Kty=std::string,
              _Ty=InferenceEngine::CNNLayerPtr
          ]
c:\users\yarudu\documents\project\openvino_ai\inference_engine\include\ie_plugin.hpp(56): warning C4251: 'InferenceEngine::QueryNetworkResult::supportedLayers': class 'std::set<std::string,std::less<_Kty>,std::allocator<_Ty>>' needs to have dll-interface to be used by clients of struct 'InferenceEngine::QueryNetworkResult'
          with
          [
              _Kty=std::string,
              _Ty=std::string
          ]
  c:\users\yarudu\documents\project\openvino_ai\inference_engine\include\ie_plugin.hpp(56): note: see declaration of 'std::set<std::string,std::less<_Kty>,std::allocator<_Ty>>'
          with
          [
              _Kty=std::string,
              _Ty=std::string
          ]
c:\users\yarudu\documents\project\openvino_ai\inference_engine\include\ie_plugin.hpp(63): warning C4251: 'InferenceEngine::QueryNetworkResult::supportedLayersMap': class 'std::map<std::string,std::string,std::less<_Kty>,std::allocator<std::pair<const _Kty,_Ty>>>' needs to have dll-interface to be used by clients of struct 'InferenceEngine::QueryNetworkResult'
          with
          [
              _Kty=std::string,
              _Ty=std::string
          ]
  c:\users\yarudu\documents\project\openvino_ai\inference_engine\include\ie_layers.h(517): note: see declaration of 'std::map<std::string,std::string,std::less<_Kty>,std::allocator<std::pair<const _Kty,_Ty>>>'
          with
          [
              _Kty=std::string,
              _Ty=std::string
          ]
c:\users\yarudu\documents\project\openvino_ai\inference_engine\include\ie_ihetero_plugin.hpp(126): warning C4275: non dll-interface class 'InferenceEngine::IInferencePlugin' used as base for dll-interface class 'InferenceEngine::IHeteroInferencePlugin'
  c:\users\yarudu\documents\project\openvino_ai\inference_engine\include\ie_plugin.hpp(109): note: see declaration of 'InferenceEngine::IInferencePlugin'
  c:\users\yarudu\documents\project\openvino_ai\inference_engine\include\ie_ihetero_plugin.hpp(126): note: see declaration of 'InferenceEngine::IHeteroInferencePlugin'
c:\users\yarudu\documents\project\openvino_ai\inference_engine\include\ie_plugin_dispatcher.hpp(64): warning C4251: 'InferenceEngine::PluginDispatcher::pluginDirs': class 'std::vector<std::string,std::allocator<_Ty>>' needs to have dll-interface to be used by clients of class 'InferenceEngine::PluginDispatcher'
          with
          [
              _Ty=std::string
          ]
  c:\users\yarudu\documents\project\openvino_ai\inference_engine\include\ie_device.hpp(145): note: see declaration of 'std::vector<std::string,std::allocator<_Ty>>'
          with
          [
              _Ty=std::string
          ]
c:\users\yarudu\documents\project\openvino_ai\inference_engine\include\ie_core.hpp(27): warning C4251: 'InferenceEngine::Core::_impl': class 'std::shared_ptr<InferenceEngine::Core::Impl>' needs to have dll-interface to be used by clients of class 'InferenceEngine::Core'
  c:\users\yarudu\documents\project\openvino_ai\inference_engine\include\ie_core.hpp(27): note: see declaration of 'std::shared_ptr<InferenceEngine::Core::Impl>'
c:\users\yarudu\documents\project\openvino_ai\openvino_ai\src\text_detection.cpp(153): warning C4267: 'argument': conversion from 'size_t' to 'const int', possible loss of data
c:\program files (x86)\microsoft visual studio\2017\community\vc\tools\msvc\14.16.27023\include\xmemory0(879): warning C4267: 'argument': conversion from 'size_t' to '_Tp', possible loss of data
          with
          [
              _Tp=int
          ]
  c:\program files (x86)\microsoft visual studio\2017\community\vc\tools\msvc\14.16.27023\include\vector(900): note: see reference to function template instantiation 'void std::_Default_allocator_traits<_Alloc>::construct<_Ty,unsigned __int64,unsigned __int64>(_Alloc &,_Objty *const ,unsigned __int64 &&,unsigned __int64 &&)' being compiled
          with
          [
              _Alloc=std::allocator<cv::Point>,
              _Ty=cv::Point_<int>,
              _Objty=cv::Point_<int>
          ]
  c:\program files (x86)\microsoft visual studio\2017\community\vc\tools\msvc\14.16.27023\include\vector(902): note: see reference to function template instantiation 'void std::_Default_allocator_traits<_Alloc>::construct<_Ty,unsigned __int64,unsigned __int64>(_Alloc &,_Objty *const ,unsigned __int64 &&,unsigned __int64 &&)' being compiled
          with
          [
              _Alloc=std::allocator<cv::Point>,
              _Ty=cv::Point_<int>,
              _Objty=cv::Point_<int>
          ]
  c:\program files (x86)\microsoft visual studio\2017\community\vc\tools\msvc\14.16.27023\include\vector(916): note: see reference to function template instantiation 'void std::vector<cv::Point,std::allocator<_Ty>>::_Emplace_back_with_unused_capacity<unsigned __int64,unsigned __int64>(unsigned __int64 &&,unsigned __int64 &&)' being compiled
          with
          [
              _Ty=cv::Point
          ]
  c:\users\yarudu\documents\project\openvino_ai\openvino_ai\src\text_detection.cpp(152): note: see reference to function template instantiation 'void std::vector<cv::Point,std::allocator<_Ty>>::emplace_back<size_t,size_t>(size_t &&,size_t &&)' being compiled
          with
          [
              _Ty=cv::Point
          ]
  text_recognition.cpp
c:\users\yarudu\documents\project\openvino_ai\openvino_ai\src\text_recognition.cpp(35): warning C4267: 'initializing': conversion from 'size_t' to 'int', possible loss of data
c:\users\yarudu\documents\project\openvino_ai\openvino_ai\src\text_recognition.cpp(35): warning C4267: 'initializing': conversion from 'size_t' to 'const int', possible loss of data
  Generating Code...
gflags_nothreads_static.lib(gflags.obj) : error LNK2038: mismatch detected for '_ITERATOR_DEBUG_LEVEL': value '0' doesn't match value '2' in main.obj
gflags_nothreads_static.lib(gflags.obj) : error LNK2038: mismatch detected for 'RuntimeLibrary': value 'MD_DynamicRelease' doesn't match value 'MDd_DynamicDebug' in main.obj
gflags_nothreads_static.lib(gflags_reporting.obj) : error LNK2038: mismatch detected for '_ITERATOR_DEBUG_LEVEL': value '0' doesn't match value '2' in main.obj
gflags_nothreads_static.lib(gflags_reporting.obj) : error LNK2038: mismatch detected for 'RuntimeLibrary': value 'MD_DynamicRelease' doesn't match value 'MDd_DynamicDebug' in main.obj
gflags_nothreads_static.lib(gflags_completions.obj) : error LNK2038: mismatch detected for '_ITERATOR_DEBUG_LEVEL': value '0' doesn't match value '2' in main.obj
gflags_nothreads_static.lib(gflags_completions.obj) : error LNK2038: mismatch detected for 'RuntimeLibrary': value 'MD_DynamicRelease' doesn't match value 'MDd_DynamicDebug' in main.obj
LINK : warning LNK4098: defaultlib 'MSVCRT' conflicts with use of other libs; use /NODEFAULTLIB:library
main.obj : error LNK2019: unresolved external symbol "public: void __cdecl cv::Mat::copyTo(class cv::debug_build_guard::_OutputArray const &)const " (?copyTo@Mat@cv@@QEBAXAEBV_OutputArray@debug_build_guard@2@@Z) referenced in function "public: class cv::Mat __cdecl cv::Mat::clone(void)const " (?clone@Mat@cv@@QEBA?AV12@XZ)
cnn.obj : error LNK2001: unresolved external symbol "public: void __cdecl cv::Mat::copyTo(class cv::debug_build_guard::_OutputArray const &)const " (?copyTo@Mat@cv@@QEBAXAEBV_OutputArray@debug_build_guard@2@@Z)
image_grabber.obj : error LNK2001: unresolved external symbol "public: void __cdecl cv::Mat::copyTo(class cv::debug_build_guard::_OutputArray const &)const " (?copyTo@Mat@cv@@QEBAXAEBV_OutputArray@debug_build_guard@2@@Z)
main.obj : error LNK2019: unresolved external symbol "void __cdecl cv::imshow(class std::basic_string<char,struct std::char_traits<char>,class std::allocator<char> > const &,class cv::debug_build_guard::_InputArray const &)" (?imshow@cv@@YAXAEBV?$basic_string@DU?$char_traits@D@std@@V?$allocator@D@2@@std@@AEBV_InputArray@debug_build_guard@1@@Z) referenced in function main
main.obj : error LNK2019: unresolved external symbol "void __cdecl cv::warpAffine(class cv::debug_build_guard::_InputArray const &,class cv::debug_build_guard::_OutputArray const &,class cv::debug_build_guard::_InputArray const &,class cv::Size_<int>,int,int,class cv::Scalar_<double> const &)" (?warpAffine@cv@@YAXAEBV_InputArray@debug_build_guard@1@AEBV_OutputArray@31@0V?$Size_@H@1@HHAEBV?$Scalar_@N@1@@Z) referenced in function "class cv::Mat __cdecl cropImage(class cv::Mat const &,class std::vector<class cv::Point_<float>,class std::allocator<class cv::Point_<float> > > const &,class cv::Size_<int> const &,int)" (?cropImage@@YA?AVMat@cv@@AEBV12@AEBV?$vector@V?$Point_@M@cv@@V?$allocator@V?$Point_@M@cv@@@std@@@std@@AEBV?$Size_@H@2@H@Z)
main.obj : error LNK2019: unresolved external symbol "class cv::Mat __cdecl cv::getAffineTransform(class cv::debug_build_guard::_InputArray const &,class cv::debug_build_guard::_InputArray const &)" (?getAffineTransform@cv@@YA?AVMat@1@AEBV_InputArray@debug_build_guard@1@0@Z) referenced in function "class cv::Mat __cdecl cropImage(class cv::Mat const &,class std::vector<class cv::Point_<float>,class std::allocator<class cv::Point_<float> > > const &,class cv::Size_<int> const &,int)" (?cropImage@@YA?AVMat@cv@@AEBV12@AEBV?$vector@V?$Point_@M@cv@@V?$allocator@V?$Point_@M@cv@@@std@@@std@@AEBV?$Size_@H@2@H@Z)
main.obj : error LNK2019: unresolved external symbol "void __cdecl cv::line(class cv::debug_build_guard::_InputOutputArray const &,class cv::Point_<int>,class cv::Point_<int>,class cv::Scalar_<double> const &,int,int,int)" (?line@cv@@YAXAEBV_InputOutputArray@debug_build_guard@1@V?$Point_@H@1@1AEBV?$Scalar_@N@1@HHH@Z) referenced in function main
main.obj : error LNK2019: unresolved external symbol "void __cdecl cv::rectangle(class cv::debug_build_guard::_InputOutputArray const &,class cv::Point_<int>,class cv::Point_<int>,class cv::Scalar_<double> const &,int,int,int)" (?rectangle@cv@@YAXAEBV_InputOutputArray@debug_build_guard@1@V?$Point_@H@1@1AEBV?$Scalar_@N@1@HHH@Z) referenced in function "void __cdecl setLabel(class cv::Mat &,class std::basic_string<char,struct std::char_traits<char>,class std::allocator<char> >,class cv::Point_<int> const &)" (?setLabel@@YAXAEAVMat@cv@@V?$basic_string@DU?$char_traits@D@std@@V?$allocator@D@2@@std@@AEBV?$Point_@H@2@@Z)
main.obj : error LNK2019: unresolved external symbol "void __cdecl cv::rectangle(class cv::debug_build_guard::_InputOutputArray const &,class cv::Rect_<int>,class cv::Scalar_<double> const &,int,int,int)" (?rectangle@cv@@YAXAEBV_InputOutputArray@debug_build_guard@1@V?$Rect_@H@1@AEBV?$Scalar_@N@1@HHH@Z) referenced in function main
main.obj : error LNK2019: unresolved external symbol "void __cdecl cv::putText(class cv::debug_build_guard::_InputOutputArray const &,class std::basic_string<char,struct std::char_traits<char>,class std::allocator<char> > const &,class cv::Point_<int>,int,double,class cv::Scalar_<double>,int,int,bool)" (?putText@cv@@YAXAEBV_InputOutputArray@debug_build_guard@1@AEBV?$basic_string@DU?$char_traits@D@std@@V?$allocator@D@2@@std@@V?$Point_@H@1@HNV?$Scalar_@N@1@HH_N@Z) referenced in function "void __cdecl setLabel(class cv::Mat &,class std::basic_string<char,struct std::char_traits<char>,class std::allocator<char> >,class cv::Point_<int> const &)" (?setLabel@@YAXAEAVMat@cv@@V?$basic_string@DU?$char_traits@D@std@@V?$allocator@D@2@@std@@AEBV?$Point_@H@2@@Z)
cnn.obj : error LNK2019: unresolved external symbol "public: void __cdecl cv::Mat::convertTo(class cv::debug_build_guard::_OutputArray const &,int,double,double)const " (?convertTo@Mat@cv@@QEBAXAEBV_OutputArray@debug_build_guard@2@HNN@Z) referenced in function "public: class std::map<class std::basic_string<char,struct std::char_traits<char>,class std::allocator<char> >,class std::shared_ptr<class InferenceEngine::Blob>,struct std::less<class std::basic_string<char,struct std::char_traits<char>,class std::allocator<char> > >,class std::allocator<struct std::pair<class std::basic_string<char,struct std::char_traits<char>,class std::allocator<char> > const ,class std::shared_ptr<class InferenceEngine::Blob> > > > __cdecl Cnn::Infer(class cv::Mat const &)" (?Infer@Cnn@@QEAA?AV?$map@V?$basic_string@DU?$char_traits@D@std@@V?$allocator@D@2@@std@@V?$shared_ptr@VBlob@InferenceEngine@@@2@U?$less@V?$basic_string@DU?$char_traits@D@std@@V?$allocator@D@2@@std@@@2@V?$allocator@U?$pair@$$CBV?$basic_string@DU?$char_traits@D@std@@V?$allocator@D@2@@std@@V?$shared_ptr@VBlob@InferenceEngine@@@2@@std@@@2@@std@@AEBVMat@cv@@@Z)
cnn.obj : error LNK2019: unresolved external symbol "void __cdecl cv::resize(class cv::debug_build_guard::_InputArray const &,class cv::debug_build_guard::_OutputArray const &,class cv::Size_<int>,double,double,int)" (?resize@cv@@YAXAEBV_InputArray@debug_build_guard@1@AEBV_OutputArray@31@V?$Size_@H@1@NNH@Z) referenced in function "public: class std::map<class std::basic_string<char,struct std::char_traits<char>,class std::allocator<char> >,class std::shared_ptr<class InferenceEngine::Blob>,struct std::less<class std::basic_string<char,struct std::char_traits<char>,class std::allocator<char> > >,class std::allocator<struct std::pair<class std::basic_string<char,struct std::char_traits<char>,class std::allocator<char> > const ,class std::shared_ptr<class InferenceEngine::Blob> > > > __cdecl Cnn::Infer(class cv::Mat const &)" (?Infer@Cnn@@QEAA?AV?$map@V?$basic_string@DU?$char_traits@D@std@@V?$allocator@D@2@@std@@V?$shared_ptr@VBlob@InferenceEngine@@@2@U?$less@V?$basic_string@DU?$char_traits@D@std@@V?$allocator@D@2@@std@@@2@V?$allocator@U?$pair@$$CBV?$basic_string@DU?$char_traits@D@std@@V?$allocator@D@2@@std@@V?$shared_ptr@VBlob@InferenceEngine@@@2@@std@@@2@@std@@AEBVMat@cv@@@Z)
text_detection.obj : error LNK2001: unresolved external symbol "void __cdecl cv::resize(class cv::debug_build_guard::_InputArray const &,class cv::debug_build_guard::_OutputArray const &,class cv::Size_<int>,double,double,int)" (?resize@cv@@YAXAEBV_InputArray@debug_build_guard@1@AEBV_OutputArray@31@V?$Size_@H@1@NNH@Z)
cnn.obj : error LNK2019: unresolved external symbol "void __cdecl cv::cvtColor(class cv::debug_build_guard::_InputArray const &,class cv::debug_build_guard::_OutputArray const &,int,int)" (?cvtColor@cv@@YAXAEBV_InputArray@debug_build_guard@1@AEBV_OutputArray@31@HH@Z) referenced in function "public: class std::map<class std::basic_string<char,struct std::char_traits<char>,class std::allocator<char> >,class std::shared_ptr<class InferenceEngine::Blob>,struct std::less<class std::basic_string<char,struct std::char_traits<char>,class std::allocator<char> > >,class std::allocator<struct std::pair<class std::basic_string<char,struct std::char_traits<char>,class std::allocator<char> > const ,class std::shared_ptr<class InferenceEngine::Blob> > > > __cdecl Cnn::Infer(class cv::Mat const &)" (?Infer@Cnn@@QEAA?AV?$map@V?$basic_string@DU?$char_traits@D@std@@V?$allocator@D@2@@std@@V?$shared_ptr@VBlob@InferenceEngine@@@2@U?$less@V?$basic_string@DU?$char_traits@D@std@@V?$allocator@D@2@@std@@@2@V?$allocator@U?$pair@$$CBV?$basic_string@DU?$char_traits@D@std@@V?$allocator@D@2@@std@@V?$shared_ptr@VBlob@InferenceEngine@@@2@@std@@@2@@std@@AEBVMat@cv@@@Z)
text_detection.obj : error LNK2019: unresolved external symbol "class cv::debug_build_guard::_InputOutputArray const & __cdecl cv::noArray(void)" (?noArray@cv@@YAAEBV_InputOutputArray@debug_build_guard@1@XZ) referenced in function "class std::vector<class cv::RotatedRect,class std::allocator<class cv::RotatedRect> > __cdecl `anonymous namespace'::maskToBoxes(class cv::Mat const &,float,float,class cv::Size_<int>)" (?maskToBoxes@?A0x57445de2@@YA?AV?$vector@VRotatedRect@cv@@V?$allocator@VRotatedRect@cv@@@std@@@std@@AEBVMat@cv@@MMV?$Size_@H@5@@Z)
text_detection.obj : error LNK2019: unresolved external symbol "void __cdecl cv::minMaxLoc(class cv::debug_build_guard::_InputArray const &,double *,double *,class cv::Point_<int> *,class cv::Point_<int> *,class cv::debug_build_guard::_InputArray const &)" (?minMaxLoc@cv@@YAXAEBV_InputArray@debug_build_guard@1@PEAN1PEAV?$Point_@H@1@20@Z) referenced in function "class std::vector<class cv::RotatedRect,class std::allocator<class cv::RotatedRect> > __cdecl `anonymous namespace'::maskToBoxes(class cv::Mat const &,float,float,class cv::Size_<int>)" (?maskToBoxes@?A0x57445de2@@YA?AV?$vector@VRotatedRect@cv@@V?$allocator@VRotatedRect@cv@@@std@@@std@@AEBVMat@cv@@MMV?$Size_@H@5@@Z)
text_detection.obj : error LNK2019: unresolved external symbol "void __cdecl cv::findContours(class cv::debug_build_guard::_InputArray const &,class cv::debug_build_guard::_OutputArray const &,int,int,class cv::Point_<int>)" (?findContours@cv@@YAXAEBV_InputArray@debug_build_guard@1@AEBV_OutputArray@31@HHV?$Point_@H@1@@Z) referenced in function "class std::vector<class cv::RotatedRect,class std::allocator<class cv::RotatedRect> > __cdecl `anonymous namespace'::maskToBoxes(class cv::Mat const &,float,float,class cv::Size_<int>)" (?maskToBoxes@?A0x57445de2@@YA?AV?$vector@VRotatedRect@cv@@V?$allocator@VRotatedRect@cv@@@std@@@std@@AEBVMat@cv@@MMV?$Size_@H@5@@Z)
text_detection.obj : error LNK2019: unresolved external symbol "class cv::RotatedRect __cdecl cv::minAreaRect(class cv::debug_build_guard::_InputArray const &)" (?minAreaRect@cv@@YA?AVRotatedRect@1@AEBV_InputArray@debug_build_guard@1@@Z) referenced in function "class std::vector<class cv::RotatedRect,class std::allocator<class cv::RotatedRect> > __cdecl `anonymous namespace'::maskToBoxes(class cv::Mat const &,float,float,class cv::Size_<int>)" (?maskToBoxes@?A0x57445de2@@YA?AV?$vector@VRotatedRect@cv@@V?$allocator@VRotatedRect@cv@@@std@@@std@@AEBVMat@cv@@MMV?$Size_@H@5@@Z)
gflags_nothreads_static.lib(gflags.obj) : error LNK2019: unresolved external symbol __imp_PathMatchSpecA referenced in function "public: class std::basic_string<char,struct std::char_traits<char>,class std::allocator<char> > __cdecl gflags::`anonymous namespace'::CommandLineFlagParser::ProcessOptionsFromStringLocked(class std::basic_string<char,struct std::char_traits<char>,class std::allocator<char> > const &,enum gflags::FlagSettingMode)" (?ProcessOptionsFromStringLocked@CommandLineFlagParser@?A0x2c59053b@gflags@@QEAA?AV?$basic_string@DU?$char_traits@D@std@@V?$allocator@D@2@@std@@AEBV45@W4FlagSettingMode@3@@Z)
C:\Users\yarudu\Documents\project\openvino_ai\x64\Debug\openvino_ai.exe : fatal error LNK1120: 16 unresolved externals
